{
  "RSpec": {
    "coverage": {
      "/home/glamorous-metric-6594/tic-tac-toe-rb-online-web-sp-000/lib/tic_tac_toe.rb": [
        1,
        null,
        null,
        null,
        null,
        1,
        null,
        null,
        null,
        null,
        null,
        null,
        null,
        null,
        null,
        null,
        null,
        null,
        null,
        1,
        22,
        22,
        22,
        22,
        22,
        null,
        null,
        null,
        null,
        null,
        null,
        1,
        27180,
        null,
        null,
        null,
        null,
        null,
        null,
        1,
        22,
        22,
        null,
        null,
        null,
        null,
        null,
        null,
        1,
        27157,
        null,
        null,
        null,
        null,
        null,
        null,
        1,
        27180,
        null,
        null,
        null,
        null,
        null,
        null,
        1,
        27185,
        27181,
        27180,
        27180,
        27180,
        22,
        22,
        null,
        27158,
        null,
        null,
        null,
        null,
        null,
        null,
        null,
        1,
        27180,
        27180,
        244620,
        47564,
        null,
        null,
        27180,
        null,
        null,
        null,
        null,
        null,
        null,
        1,
        27180,
        null,
        null,
        null,
        null,
        null,
        null,
        1,
        null,
        null,
        31,
        null,
        null,
        225,
        225,
        225,
        null,
        null,
        225,
        225,
        225,
        null,
        null,
        225,
        null,
        null,
        null,
        null,
        null,
        null,
        null,
        1,
        null,
        0,
        0,
        null,
        null,
        null,
        null,
        null,
        null,
        null,
        1,
        null,
        0,
        0,
        null,
        null,
        null,
        null,
        null,
        null,
        null,
        null,
        null,
        null,
        null,
        null,
        null,
        1,
        0,
        0,
        0,
        0,
        0,
        0,
        0,
        0,
        null,
        null,
        null,
        null,
        null,
        null,
        null,
        1,
        0,
        0,
        null,
        null,
        null,
        null,
        null,
        null,
        null,
        1,
        12,
        null
      ]
    },
    "timestamp": 1584923726
  }
}
